 => [
    Multiplication(
        417,
        528,
    ),
    Multiplication(
        215,
        18,
    ),
    Do,
    Multiplication(
        89,
        59,
    ),
    Multiplication(
        709,
        138,
    ),
    Multiplication(
        548,
        826,
    ),
    Multiplication(
        103,
        952,
    ),
    Multiplication(
        322,
        877,
    ),
    Multiplication(
        378,
        598,
    ),
    Multiplication(
        695,
        169,
    ),
    Multiplication(
        12,
        677,
    ),
    Multiplication(
        911,
        924,
    ),
    Multiplication(
        12,
        238,
    ),
    Multiplication(
        17,
        995,
    ),
    Multiplication(
        619,
        259,
    ),
    Multiplication(
        477,
        46,
    ),
    Multiplication(
        471,
        687,
    ),
    Multiplication(
        683,
        261,
    ),
    Multiplication(
        59,
        43,
    ),
    Multiplication(
        396,
        135,
    ),
    Multiplication(
        593,
        130,
    ),
    Multiplication(
        189,
        802,
    ),
    Multiplication(
        315,
        986,
    ),
    Multiplication(
        408,
        692,
    ),
    Multiplication(
        547,
        681,
    ),
    Multiplication(
        748,
        448,
    ),
    Multiplication(
        686,
        701,
    ),
    Multiplication(
        14,
        551,
    ),
    Multiplication(
        405,
        549,
    ),
    Multiplication(
        639,
        826,
    ),
    Dont,
    Multiplication(
        695,
        634,
    ),
    Multiplication(
        292,
        267,
    ),
    Multiplication(
        762,
        909,
    ),
    Multiplication(
        21,
        96,
    ),
    Multiplication(
        462,
        732,
    ),
    Multiplication(
        66,
        827,
    ),
    Do,
    Multiplication(
        87,
        111,
    ),
    Multiplication(
        891,
        433,
    ),
    Multiplication(
        87,
        681,
    ),
    Multiplication(
        753,
        736,
    ),
    Multiplication(
        469,
        856,
    ),
    Multiplication(
        51,
        85,
    ),
    Do,
    Multiplication(
        877,
        991,
    ),
    Multiplication(
        127,
        485,
    ),
    Do,
    Multiplication(
        41,
        26,
    ),
    Multiplication(
        780,
        997,
    ),
    Multiplication(
        155,
        624,
    ),
    Multiplication(
        181,
        7,
    ),
    Multiplication(
        742,
        580,
    ),
    Multiplication(
        370,
        366,
    ),
    Multiplication(
        943,
        740,
    ),
    Multiplication(
        811,
        357,
    ),
    Multiplication(
        680,
        308,
    ),
    Multiplication(
        437,
        895,
    ),
    Multiplication(
        556,
        541,
    ),
    Multiplication(
        742,
        271,
    ),
    Do,
    Multiplication(
        495,
        834,
    ),
    Multiplication(
        623,
        691,
    ),
    Multiplication(
        755,
        380,
    ),
    Multiplication(
        496,
        505,
    ),
    Multiplication(
        447,
        864,
    ),
    Multiplication(
        672,
        810,
    ),
    Multiplication(
        631,
        935,
    ),
    Dont,
    Multiplication(
        441,
        758,
    ),
    Multiplication(
        871,
        857,
    ),
    Multiplication(
        149,
        63,
    ),
    Multiplication(
        159,
        555,
    ),
    Multiplication(
        942,
        324,
    ),
    Multiplication(
        484,
        36,
    ),
    Multiplication(
        850,
        799,
    ),
    Multiplication(
        329,
        433,
    ),
    Multiplication(
        444,
        542,
    ),
    Multiplication(
        656,
        517,
    ),
    Multiplication(
        205,
        556,
    ),
    Multiplication(
        388,
        422,
    ),
    Multiplication(
        556,
        273,
    ),
    Multiplication(
        6,
        7,
    ),
    Multiplication(
        240,
        752,
    ),
    Do,
    Multiplication(
        332,
        237,
    ),
    Multiplication(
        726,
        568,
    ),
    Dont,
    Multiplication(
        507,
        419,
    ),
    Multiplication(
        537,
        103,
    ),
    Multiplication(
        334,
        242,
    ),
    Multiplication(
        224,
        142,
    ),
    Dont,
    Multiplication(
        722,
        320,
    ),
    Multiplication(
        881,
        762,
    ),
    Dont,
    Multiplication(
        933,
        318,
    ),
    Multiplication(
        307,
        701,
    ),
    Multiplication(
        487,
        49,
    ),
    Multiplication(
        509,
        654,
    ),
    Multiplication(
        307,
        525,
    ),
    Multiplication(
        186,
        292,
    ),
    Multiplication(
        566,
        401,
    ),
    Multiplication(
        179,
        671,
    ),
    Multiplication(
        111,
        997,
    ),
    Multiplication(
        258,
        627,
    ),
    Multiplication(
        92,
        748,
    ),
    Multiplication(
        544,
        427,
    ),
    Multiplication(
        90,
        159,
    ),
    Multiplication(
        81,
        407,
    ),
    Multiplication(
        427,
        159,
    ),
    Multiplication(
        797,
        616,
    ),
    Multiplication(
        480,
        791,
    ),
    Multiplication(
        772,
        510,
    ),
    Multiplication(
        347,
        567,
    ),
    Multiplication(
        717,
        474,
    ),
    Do,
    Multiplication(
        905,
        578,
    ),
    Do,
    Multiplication(
        38,
        555,
    ),
    Multiplication(
        62,
        626,
    ),
    Multiplication(
        653,
        287,
    ),
    Multiplication(
        526,
        575,
    ),
    Multiplication(
        853,
        659,
    ),
    Multiplication(
        60,
        505,
    ),
    Multiplication(
        253,
        318,
    ),
    Multiplication(
        933,
        174,
    ),
    Multiplication(
        572,
        64,
    ),
    Multiplication(
        73,
        528,
    ),
    Multiplication(
        319,
        153,
    ),
    Multiplication(
        84,
        761,
    ),
    Multiplication(
        84,
        908,
    ),
    Multiplication(
        218,
        854,
    ),
    Dont,
    Multiplication(
        708,
        742,
    ),
]
